<?xml version="1.0" encoding="UTF-8"?>
<testsuite name="com.mindex.challenge.ChallengeApplicationTests" tests="3" skipped="0" failures="0" errors="0" timestamp="2020-10-16T13:27:50" hostname="liuyuedeMacBook-Pro.local" time="0.333">
  <properties/>
  <testcase name="testFindReport" classname="com.mindex.challenge.ChallengeApplicationTests" time="0.31"/>
  <testcase name="testCompensation" classname="com.mindex.challenge.ChallengeApplicationTests" time="0.019"/>
  <testcase name="contextLoads" classname="com.mindex.challenge.ChallengeApplicationTests" time="0.002"/>
  <system-out><![CDATA[09:27:41.993 [Test worker] DEBUG org.springframework.test.context.junit4.SpringJUnit4ClassRunner - SpringJUnit4ClassRunner constructor called with [class com.mindex.challenge.ChallengeApplicationTests]
09:27:42.000 [Test worker] DEBUG org.springframework.test.context.BootstrapUtils - Instantiating CacheAwareContextLoaderDelegate from class [org.springframework.test.context.cache.DefaultCacheAwareContextLoaderDelegate]
09:27:42.006 [Test worker] DEBUG org.springframework.test.context.BootstrapUtils - Instantiating BootstrapContext using constructor [public org.springframework.test.context.support.DefaultBootstrapContext(java.lang.Class,org.springframework.test.context.CacheAwareContextLoaderDelegate)]
09:27:42.039 [Test worker] DEBUG org.springframework.test.context.BootstrapUtils - Instantiating TestContextBootstrapper for test class [com.mindex.challenge.ChallengeApplicationTests] from class [org.springframework.boot.test.context.SpringBootTestContextBootstrapper]
09:27:42.055 [Test worker] INFO org.springframework.boot.test.context.SpringBootTestContextBootstrapper - Neither @ContextConfiguration nor @ContextHierarchy found for test class [com.mindex.challenge.ChallengeApplicationTests], using SpringBootContextLoader
09:27:42.058 [Test worker] DEBUG org.springframework.test.context.support.AbstractContextLoader - Did not detect default resource location for test class [com.mindex.challenge.ChallengeApplicationTests]: class path resource [com/mindex/challenge/ChallengeApplicationTests-context.xml] does not exist
09:27:42.059 [Test worker] DEBUG org.springframework.test.context.support.AbstractContextLoader - Did not detect default resource location for test class [com.mindex.challenge.ChallengeApplicationTests]: class path resource [com/mindex/challenge/ChallengeApplicationTestsContext.groovy] does not exist
09:27:42.059 [Test worker] INFO org.springframework.test.context.support.AbstractContextLoader - Could not detect default resource locations for test class [com.mindex.challenge.ChallengeApplicationTests]: no resource found for suffixes {-context.xml, Context.groovy}.
09:27:42.060 [Test worker] INFO org.springframework.test.context.support.AnnotationConfigContextLoaderUtils - Could not detect default configuration classes for test class [com.mindex.challenge.ChallengeApplicationTests]: ChallengeApplicationTests does not declare any static, non-private, non-final, nested classes annotated with @Configuration.
09:27:42.097 [Test worker] DEBUG org.springframework.test.context.support.ActiveProfilesUtils - Could not find an 'annotation declaring class' for annotation type [org.springframework.test.context.ActiveProfiles] and class [com.mindex.challenge.ChallengeApplicationTests]
09:27:42.156 [Test worker] DEBUG org.springframework.context.annotation.ClassPathScanningCandidateComponentProvider - Identified candidate component class: file [/Users/liuyue/Downloads/mindex-java-code-challenge/build/classes/java/main/com/mindex/challenge/ChallengeApplication.class]
09:27:42.158 [Test worker] INFO org.springframework.boot.test.context.SpringBootTestContextBootstrapper - Found @SpringBootConfiguration com.mindex.challenge.ChallengeApplication for test class com.mindex.challenge.ChallengeApplicationTests
09:27:42.235 [Test worker] DEBUG org.springframework.boot.test.context.SpringBootTestContextBootstrapper - @TestExecutionListeners is not present for class [com.mindex.challenge.ChallengeApplicationTests]: using defaults.
09:27:42.235 [Test worker] INFO org.springframework.boot.test.context.SpringBootTestContextBootstrapper - Loaded default TestExecutionListener class names from location [META-INF/spring.factories]: [org.springframework.boot.test.autoconfigure.restdocs.RestDocsTestExecutionListener, org.springframework.boot.test.autoconfigure.web.client.MockRestServiceServerResetTestExecutionListener, org.springframework.boot.test.autoconfigure.web.servlet.MockMvcPrintOnlyOnFailureTestExecutionListener, org.springframework.boot.test.autoconfigure.web.servlet.WebDriverTestExecutionListener, org.springframework.boot.test.mock.mockito.MockitoTestExecutionListener, org.springframework.boot.test.mock.mockito.ResetMocksTestExecutionListener, org.springframework.test.context.web.ServletTestExecutionListener, org.springframework.test.context.support.DirtiesContextBeforeModesTestExecutionListener, org.springframework.test.context.support.DependencyInjectionTestExecutionListener, org.springframework.test.context.support.DirtiesContextTestExecutionListener, org.springframework.test.context.transaction.TransactionalTestExecutionListener, org.springframework.test.context.jdbc.SqlScriptsTestExecutionListener, org.springframework.test.context.event.EventPublishingTestExecutionListener]
09:27:42.255 [Test worker] INFO org.springframework.boot.test.context.SpringBootTestContextBootstrapper - Using TestExecutionListeners: [org.springframework.test.context.web.ServletTestExecutionListener@47bb714c, org.springframework.test.context.support.DirtiesContextBeforeModesTestExecutionListener@4adfeda6, org.springframework.boot.test.mock.mockito.MockitoTestExecutionListener@7889a577, org.springframework.boot.test.autoconfigure.SpringBootDependencyInjectionTestExecutionListener@24d2d1e2, org.springframework.test.context.support.DirtiesContextTestExecutionListener@387fe525, org.springframework.test.context.transaction.TransactionalTestExecutionListener@d788d51, org.springframework.test.context.jdbc.SqlScriptsTestExecutionListener@38ef2394, org.springframework.test.context.event.EventPublishingTestExecutionListener@a80a8aa, org.springframework.boot.test.autoconfigure.restdocs.RestDocsTestExecutionListener@4d112212, org.springframework.boot.test.autoconfigure.web.client.MockRestServiceServerResetTestExecutionListener@44a3ce4, org.springframework.boot.test.autoconfigure.web.servlet.MockMvcPrintOnlyOnFailureTestExecutionListener@45784c7a, org.springframework.boot.test.autoconfigure.web.servlet.WebDriverTestExecutionListener@4a326987, org.springframework.boot.test.mock.mockito.ResetMocksTestExecutionListener@ef7d361]
09:27:42.259 [Test worker] DEBUG org.springframework.test.annotation.ProfileValueUtils - Retrieved @ProfileValueSourceConfiguration [null] for test class [com.mindex.challenge.ChallengeApplicationTests]
09:27:42.260 [Test worker] DEBUG org.springframework.test.annotation.ProfileValueUtils - Retrieved ProfileValueSource type [class org.springframework.test.annotation.SystemProfileValueSource] for class [com.mindex.challenge.ChallengeApplicationTests]
09:27:42.263 [Test worker] DEBUG org.springframework.test.annotation.ProfileValueUtils - Retrieved @ProfileValueSourceConfiguration [null] for test class [com.mindex.challenge.ChallengeApplicationTests]
09:27:42.263 [Test worker] DEBUG org.springframework.test.annotation.ProfileValueUtils - Retrieved ProfileValueSource type [class org.springframework.test.annotation.SystemProfileValueSource] for class [com.mindex.challenge.ChallengeApplicationTests]
09:27:42.264 [Test worker] DEBUG org.springframework.test.annotation.ProfileValueUtils - Retrieved @ProfileValueSourceConfiguration [null] for test class [com.mindex.challenge.ChallengeApplicationTests]
09:27:42.265 [Test worker] DEBUG org.springframework.test.annotation.ProfileValueUtils - Retrieved ProfileValueSource type [class org.springframework.test.annotation.SystemProfileValueSource] for class [com.mindex.challenge.ChallengeApplicationTests]
09:27:42.270 [Test worker] DEBUG org.springframework.test.context.support.AbstractDirtiesContextTestExecutionListener - Before test class: context [DefaultTestContext@207dda19 testClass = ChallengeApplicationTests, testInstance = [null], testMethod = [null], testException = [null], mergedContextConfiguration = [WebMergedContextConfiguration@7d91b461 testClass = ChallengeApplicationTests, locations = '{}', classes = '{class com.mindex.challenge.ChallengeApplication}', contextInitializerClasses = '[]', activeProfiles = '{}', propertySourceLocations = '{}', propertySourceProperties = '{org.springframework.boot.test.context.SpringBootTestContextBootstrapper=true}', contextCustomizers = set[org.springframework.boot.test.autoconfigure.properties.PropertyMappingContextCustomizer@0, org.springframework.boot.test.autoconfigure.web.servlet.WebDriverContextCustomizerFactory$Customizer@70c0190d, org.springframework.boot.test.context.filter.ExcludeFilterContextCustomizer@77ef4a6e, org.springframework.boot.test.json.DuplicateJsonObjectContextCustomizerFactory$DuplicateJsonObjectContextCustomizer@273aba44, org.springframework.boot.test.mock.mockito.MockitoContextCustomizer@0, org.springframework.boot.test.web.client.TestRestTemplateContextCustomizer@685efa0a], resourceBasePath = 'src/main/webapp', contextLoader = 'org.springframework.boot.test.context.SpringBootContextLoader', parent = [null]], attributes = map['org.springframework.test.context.web.ServletTestExecutionListener.activateListener' -> true]], class annotated with @DirtiesContext [false] with mode [null].
09:27:42.273 [Test worker] DEBUG org.springframework.test.annotation.ProfileValueUtils - Retrieved @ProfileValueSourceConfiguration [null] for test class [com.mindex.challenge.ChallengeApplicationTests]
09:27:42.273 [Test worker] DEBUG org.springframework.test.annotation.ProfileValueUtils - Retrieved ProfileValueSource type [class org.springframework.test.annotation.SystemProfileValueSource] for class [com.mindex.challenge.ChallengeApplicationTests]
09:27:42.293 [Test worker] DEBUG org.springframework.test.context.support.TestPropertySourceUtils - Adding inlined properties to environment: {spring.jmx.enabled=false, org.springframework.boot.test.context.SpringBootTestContextBootstrapper=true, server.port=-1}

  .   ____          _            __ _ _
 /\\ / ___'_ __ _ _(_)_ __  __ _ \ \ \ \
( ( )\___ | '_ | '_| | '_ \/ _` | \ \ \ \
 \\/  ___)| |_)| | | | | || (_| |  ) ) ) )
  '  |____| .__|_| |_|_| |_\__, | / / / /
 =========|_|==============|___/=/_/_/_/
 :: Spring Boot ::        (v2.2.0.RELEASE)

2020-10-16 09:27:47.550  WARN 12985 --- [    Test worker] ory$DuplicateJsonObjectContextCustomizer : 

Found multiple occurrences of org.json.JSONObject on the class path:

	jar:file:/Users/liuyue/.gradle/caches/modules-2/files-2.1/org.json/json/20180813/8566b2b0391d9d4479ea225645c6ed47ef17fe41/json-20180813.jar!/org/json/JSONObject.class
	jar:file:/Users/liuyue/.gradle/caches/modules-2/files-2.1/com.vaadin.external.google/android-json/0.0.20131108.vaadin1/fa26d351fe62a6a17f5cda1287c1c6110dec413f/android-json-0.0.20131108.vaadin1.jar!/org/json/JSONObject.class

You may wish to exclude one of them to ensure predictable runtime behavior

2020-10-16 09:27:47.573  INFO 12985 --- [    Test worker] c.m.challenge.ChallengeApplicationTests  : Starting ChallengeApplicationTests on liuyuedeMacBook-Pro.local with PID 12985 (started by liuyue in /Users/liuyue/Downloads/mindex-java-code-challenge)
2020-10-16 09:27:47.577 DEBUG 12985 --- [    Test worker] c.m.challenge.ChallengeApplicationTests  : Running with Spring Boot v2.2.0.RELEASE, Spring v5.2.0.RELEASE
2020-10-16 09:27:47.578  INFO 12985 --- [    Test worker] c.m.challenge.ChallengeApplicationTests  : No active profile set, falling back to default profiles: default
2020-10-16 09:27:47.968  INFO 12985 --- [    Test worker] .s.d.r.c.RepositoryConfigurationDelegate : Bootstrapping Spring Data repositories in DEFAULT mode.
2020-10-16 09:27:48.038  INFO 12985 --- [    Test worker] .s.d.r.c.RepositoryConfigurationDelegate : Finished Spring Data repository scanning in 63ms. Found 2 repository interfaces.
2020-10-16 09:27:48.677  INFO 12985 --- [    Test worker] de.bwaldvogel.mongo.MongoServer          : started MongoServer(port: 56914, ssl: false)
2020-10-16 09:27:48.738  INFO 12985 --- [    Test worker] org.mongodb.driver.cluster               : Cluster created with settings {hosts=[127.0.0.1:56914], mode=SINGLE, requiredClusterType=UNKNOWN, serverSelectionTimeout='30000 ms', maxWaitQueueSize=500}
2020-10-16 09:27:48.785  INFO 12985 --- [-server-worker1] d.b.mongo.wire.MongoWireProtocolHandler  : client [id: 0x6b4c2890, L:/127.0.0.1:56914 - R:/127.0.0.1:56915] connected
2020-10-16 09:27:48.839  INFO 12985 --- [127.0.0.1:56914] org.mongodb.driver.connection            : Opened connection [connectionId{localValue:1}] to 127.0.0.1:56914
2020-10-16 09:27:48.843  INFO 12985 --- [127.0.0.1:56914] org.mongodb.driver.cluster               : Monitor thread successfully connected to server with description ServerDescription{address=127.0.0.1:56914, type=STANDALONE, state=CONNECTED, ok=true, version=ServerVersion{versionList=[3, 0, 0]}, minWireVersion=0, maxWireVersion=2, maxDocumentSize=16777216, logicalSessionTimeoutMinutes=null, roundTripTimeNanos=2003279}
2020-10-16 09:27:48.883  WARN 12985 --- [    Test worker] o.s.data.convert.CustomConversions       : Registering converter from class java.time.LocalDateTime to class java.time.Instant as reading converter although it doesn't convert from a store-supported type! You might wanna check you annotation setup at the converter implementation.
2020-10-16 09:27:48.884  WARN 12985 --- [    Test worker] o.s.data.convert.CustomConversions       : Registering converter from class java.time.Instant to class java.time.LocalDateTime as reading converter although it doesn't convert from a store-supported type! You might wanna check you annotation setup at the converter implementation.
2020-10-16 09:27:48.893  WARN 12985 --- [    Test worker] o.s.data.convert.CustomConversions       : Registering converter from class java.time.LocalDateTime to class java.time.Instant as reading converter although it doesn't convert from a store-supported type! You might wanna check you annotation setup at the converter implementation.
2020-10-16 09:27:48.894  WARN 12985 --- [    Test worker] o.s.data.convert.CustomConversions       : Registering converter from class java.time.Instant to class java.time.LocalDateTime as reading converter although it doesn't convert from a store-supported type! You might wanna check you annotation setup at the converter implementation.
2020-10-16 09:27:49.291  INFO 12985 --- [-server-worker2] d.b.mongo.wire.MongoWireProtocolHandler  : client [id: 0x29301974, L:/127.0.0.1:56914 - R:/127.0.0.1:56916] connected
2020-10-16 09:27:49.305  INFO 12985 --- [    Test worker] org.mongodb.driver.connection            : Opened connection [connectionId{localValue:2}] to 127.0.0.1:56914
2020-10-16 09:27:49.322  INFO 12985 --- [-server-worker2] d.b.mongo.backend.AbstractMongoBackend   : created database test
2020-10-16 09:27:49.328  INFO 12985 --- [-server-worker2] d.b.mongo.backend.AbstractMongoDatabase  : adding unique _id index for collection employee
2020-10-16 09:27:49.330  INFO 12985 --- [-server-worker2] d.b.mongo.backend.AbstractMongoDatabase  : created collection test.employee
2020-10-16 09:27:49.685  INFO 12985 --- [    Test worker] o.s.s.concurrent.ThreadPoolTaskExecutor  : Initializing ExecutorService 'applicationTaskExecutor'
2020-10-16 09:27:49.890  WARN 12985 --- [    Test worker] o.s.data.convert.CustomConversions       : Registering converter from class java.time.LocalDateTime to class java.time.Instant as reading converter although it doesn't convert from a store-supported type! You might wanna check you annotation setup at the converter implementation.
2020-10-16 09:27:49.890  WARN 12985 --- [    Test worker] o.s.data.convert.CustomConversions       : Registering converter from class java.time.Instant to class java.time.LocalDateTime as reading converter although it doesn't convert from a store-supported type! You might wanna check you annotation setup at the converter implementation.
2020-10-16 09:27:49.915  WARN 12985 --- [    Test worker] o.s.data.convert.CustomConversions       : Registering converter from class java.time.LocalDateTime to class java.time.Instant as reading converter although it doesn't convert from a store-supported type! You might wanna check you annotation setup at the converter implementation.
2020-10-16 09:27:49.915  WARN 12985 --- [    Test worker] o.s.data.convert.CustomConversions       : Registering converter from class java.time.Instant to class java.time.LocalDateTime as reading converter although it doesn't convert from a store-supported type! You might wanna check you annotation setup at the converter implementation.
2020-10-16 09:27:49.990  INFO 12985 --- [    Test worker] c.m.challenge.ChallengeApplicationTests  : Started ChallengeApplicationTests in 7.69 seconds (JVM running for 8.482)
2020-10-16 09:27:50.321 DEBUG 12985 --- [    Test worker] c.m.c.service.impl.EmployeeServiceImpl   : Creating employee compensation [com.mindex.challenge.data.Compensation@68586109]
2020-10-16 09:27:50.336  INFO 12985 --- [-server-worker2] d.b.mongo.backend.AbstractMongoDatabase  : adding unique _id index for collection compensation
2020-10-16 09:27:50.336  INFO 12985 --- [-server-worker2] d.b.mongo.backend.AbstractMongoDatabase  : created collection test.compensation
]]></system-out>
  <system-err><![CDATA[]]></system-err>
</testsuite>
